[framework]17十二月0810:05:47:8900-com.main.util.SSILogger-com.main.util.SSILogger.main(SSILogger.java:13)- 当前时间 :2017-12-08 10:05:47:889
[framework]17十二月0810:05:47:8955-com.main.util.SSILogger-com.main.util.SSILogger.main(SSILogger.java:15)- 当前时间 :2017-12-08 10:05:47:889
[framework]17十二月0810:05:47:8955-com.main.util.SSILogger-com.main.util.SSILogger.main(SSILogger.java:17)- 当前时间 :2017-12-08 10:05:47:889
[framework]2017-12-08 10:07:02,871 - 0-com.main.util.SSILogger-com.main.util.SSILogger.main(SSILogger.java:13)- 当前时间 :2017-12-08 10:07:02:871
[framework]2017-12-08 10:07:02,874 - 3-com.main.util.SSILogger-com.main.util.SSILogger.main(SSILogger.java:15)- 当前时间 :2017-12-08 10:07:02:871
[framework]2017-12-08 10:07:02,876 - 5-com.main.util.SSILogger-com.main.util.SSILogger.main(SSILogger.java:17)- 当前时间 :2017-12-08 10:07:02:871
[DEBUG] 2017-12-08 10:08:56,759-0 -com.main.util.SSILogger.main(SSILogger.java:13)- 当前时间 :2017-12-08 10:08:56:758
[INFO ] 2017-12-08 10:08:56,761-2 -com.main.util.SSILogger.main(SSILogger.java:15)- 当前时间 :2017-12-08 10:08:56:758
[ERROR] 2017-12-08 10:08:56,761-2 -com.main.util.SSILogger.main(SSILogger.java:17)- 当前时间 :2017-12-08 10:08:56:758
[DEBUG] 2017-12-08 10:10:45,021-0 -com.main.util.SSILogger.main(SSILogger.java:13)- 当前时间 :2017-12-08 10:10:45:021
[INFO ] 2017-12-08 10:10:45,024-3 -com.main.util.SSILogger.main(SSILogger.java:15)- 当前时间 :2017-12-08 10:10:45:021
[ERROR] 2017-12-08 10:10:45,024-3 -com.main.util.SSILogger.main(SSILogger.java:17)- 当前时间 :2017-12-08 10:10:45:021
[DEBUG] 2017-12-08 10:13:07,625-0ms -com.main.util.SSILogger.main(SSILogger.java:13)- 当前时间 :2017-12-08 10:13:07:624
[INFO ] 2017-12-08 10:13:07,628-3ms -com.main.util.SSILogger.main(SSILogger.java:15)- 当前时间 :2017-12-08 10:13:07:624
[ERROR] 2017-12-08 10:13:07,628-3ms -com.main.util.SSILogger.main(SSILogger.java:17)- 当前时间 :2017-12-08 10:13:07:624
[^DEBUG] 2017-12-08 10:16:16,191:0ms -com.main.util.SSILogger.main(SSILogger.java:13)- 当前时间 :2017-12-08 10:16:16:191[&]
[^INFO ] 2017-12-08 10:16:16,194:3ms -com.main.util.SSILogger.main(SSILogger.java:15)- 当前时间 :2017-12-08 10:16:16:191[&]
[^ERROR] 2017-12-08 10:16:16,194:3ms -com.main.util.SSILogger.main(SSILogger.java:17)- 当前时间 :2017-12-08 10:16:16:191[&]
[^DEBUG] 2017-12-08 10:18:29,197:0ms -com.main.util.SSILogger.main(SSILogger.java:13)-main- 当前时间 :2017-12-08 10:18:29:196[&]
[^INFO ] 2017-12-08 10:18:29,200:3ms -com.main.util.SSILogger.main(SSILogger.java:15)-main- 当前时间 :2017-12-08 10:18:29:196[&]
[^ERROR] 2017-12-08 10:18:29,200:3ms -com.main.util.SSILogger.main(SSILogger.java:17)-main- 当前时间 :2017-12-08 10:18:29:196[&]
[^DEBUG] 2017-12-08 10:20:30,342:0ms -com.main.util.SSILogger.main(SSILogger.java:13)- 当前时间 :2017-12-08 10:20:30:341[main &_]
[^INFO ] 2017-12-08 10:20:30,344:2ms -com.main.util.SSILogger.main(SSILogger.java:15)- 当前时间 :2017-12-08 10:20:30:341[main &_]
[^ERROR] 2017-12-08 10:20:30,345:3ms -com.main.util.SSILogger.main(SSILogger.java:17)- 当前时间 :2017-12-08 10:20:30:341[main &_]
[^DEBUG] 2017-12-08 10:22:55,487:0ms -com.main.util.SSILogger.main(SSILogger.java:15)- 当前时间 :2017-12-08 10:22:55:486[main &_]
[^INFO ] 2017-12-08 10:22:55,490:3ms -com.main.util.SSILogger.main(SSILogger.java:17)- 当前时间 :2017-12-08 10:22:55:486[main &_]
[^ERROR] 2017-12-08 10:22:55,490:3ms -com.main.util.SSILogger.main(SSILogger.java:19)- 当前时间 :2017-12-08 10:22:55:486[main &_]
[^DEBUG] 2017-12-08 10:24:48,969:0ms -com.main.util.SSILogger.main(SSILogger.java:15)- 当前时间 :2017-12-08 10:24:48:968 .[main &_]
[^INFO ] 2017-12-08 10:24:48,971:2ms -com.main.util.SSILogger.main(SSILogger.java:17)- 当前时间 :2017-12-08 10:24:48:968 .[main &_]
[^ERROR] 2017-12-08 10:24:48,971:2ms -com.main.util.SSILogger.main(SSILogger.java:19)- 当前时间 :2017-12-08 10:24:48:968 .[main &_]
[^DEBUG] 2017-12-08 10:26:07,504:0ms -com.main.util.SSILogger.main(SSILogger.java:15)- 当前时间 :2017-12-08 10:26:07:504 .[main &_]
[^INFO ] 2017-12-08 10:26:07,506:2ms -com.main.util.SSILogger.main(SSILogger.java:17)- 当前时间 :2017-12-08 10:26:07:504 .[main &_]
[^ERROR] 2017-12-08 10:26:07,506:2ms -com.main.util.SSILogger.main(SSILogger.java:19)- 当前时间 :2017-12-08 10:26:07:504 .[main &_]
[^DEBUG] 2017-12-08 10:26:40,621:0ms -com.main.util.SSILogger.main(SSILogger.java:15)- 当前时间 :2017-12-08 10:26:40:620 .[main &_]
[^INFO ] 2017-12-08 10:26:40,623:2ms -com.main.util.SSILogger.main(SSILogger.java:17)- 当前时间 :2017-12-08 10:26:40:620 .[main &_]
[^ERROR] 2017-12-08 10:26:40,623:2ms -com.main.util.SSILogger.main(SSILogger.java:19)- 当前时间 :2017-12-08 10:26:40:620 .[main &_]
[^DEBUG] 2017-12-08 10:27:31,634:0ms- com.main.util.SSILogger.main(SSILogger.java:15)- 当前时间 :2017-12-08 10:27:31:634 .[main &_]
[^INFO ] 2017-12-08 10:27:31,636:2ms- com.main.util.SSILogger.main(SSILogger.java:17)- 当前时间 :2017-12-08 10:27:31:634 .[main &_]
[^ERROR] 2017-12-08 10:27:31,636:2ms- com.main.util.SSILogger.main(SSILogger.java:19)- 当前时间 :2017-12-08 10:27:31:634 .[main &_]
[^DEBUG] 2017-12-08 10:29:02,060:0ms- com.main.util.SSILogger.main(SSILogger.java:15)- 当前时间 :2017-12-08 10:29:02:059 .[main &_]
[^INFO ] 2017-12-08 10:29:02,062:2ms- com.main.util.SSILogger.main(SSILogger.java:17)- 当前时间 :2017-12-08 10:29:02:059 .[main &_]
[^ERROR] 2017-12-08 10:29:02,062:2ms- com.main.util.SSILogger.main(SSILogger.java:19)- 当前时间 :2017-12-08 10:29:02:059 .[main &_]
[^DEBUG] 2017-12-08 10:30:18,754:0ms- com.main.util.SSILogger.main(SSILogger.java:16)- 当前时间 :2017-12-08 10:30:18:753 .[Thread:main &_]
[^INFO ] 2017-12-08 10:30:18,756:2ms- com.main.util.SSILogger.main(SSILogger.java:18)- 当前时间 :2017-12-08 10:30:18:753 .[Thread:main &_]
[^ERROR] 2017-12-08 10:30:18,756:2ms- com.main.util.SSILogger.main(SSILogger.java:20)- 当前时间 :2017-12-08 10:30:18:753 .[Thread:main &_]
[^DEBUG] 2017-12-08 10:32:55,863:0ms- com.main.util.SSILogger.main(SSILogger.java:16)- 当前时间 :2017-12-08 10:32:55:862 .[Thread:main &_]
[^INFO ] 2017-12-08 10:32:55,865:2ms- com.main.util.SSILogger.main(SSILogger.java:18)- 当前时间 :2017-12-08 10:32:55:862 .[Thread:main &_]
[^ERROR] 2017-12-08 10:32:55,866:3ms- com.main.util.SSILogger.main(SSILogger.java:20)- 当前时间 :2017-12-08 10:32:55:862 .[Thread:main &_]
[^DEBUG] 2017-12-08 10:35:04,401:0ms- com.main.util.SSILogger.main(SSILogger.java:16)- 当前时间 :2017-12-08 10:35:04:400 .[Thread:main &_]
[^INFO ] 2017-12-08 10:35:04,402:1ms- com.main.util.SSILogger.main(SSILogger.java:18)- 当前时间 :2017-12-08 10:35:04:400 .[Thread:main &_]
[^ERROR] 2017-12-08 10:35:04,403:2ms- com.main.util.SSILogger.main(SSILogger.java:20)- 当前时间 :2017-12-08 10:35:04:400 .[Thread:main &_]
[^DEBUG] 2017-12-08 10:38:49,936:0ms- com.main.util.SSILogger.main(SSILogger.java:16)- 当前时间 :2017-12-08 10:38:49:935 .[Thread:main &_]
[^INFO ] 2017-12-08 10:38:49,938:2ms- com.main.util.SSILogger.main(SSILogger.java:18)- 当前时间 :2017-12-08 10:38:49:935 .[Thread:main &_]
[^ERROR] 2017-12-08 10:38:49,938:2ms- com.main.util.SSILogger.main(SSILogger.java:20)- 当前时间 :2017-12-08 10:38:49:935 .[Thread:main &_]
[^DEBUG] 2017-12-08 10:39:39,828:0ms- com.main.util.SSILogger.main(SSILogger.java:16)- 当前时间 :2017-12-08 10:39:39:827 .[Thread:main &_]
[^INFO ] 2017-12-08 10:39:39,830:2ms- com.main.util.SSILogger.main(SSILogger.java:18)- 当前时间 :2017-12-08 10:39:39:827 .[Thread:main &_]
[^ERROR] 2017-12-08 10:39:39,830:2ms- com.main.util.SSILogger.main(SSILogger.java:20)- 当前时间 :2017-12-08 10:39:39:827 .[Thread:main &_]
[^WARN ] 2017-12-08 10:39:39,831:3ms- com.main.util.SSILogger.main(SSILogger.java:21)- 当前时间 :2017-12-08 10:39:39:827 .[Thread:main &_]
[^DEBUG] 2017-12-08 10:41:59,329:0ms- com.main.util.SSILogger.main(SSILogger.java:16)- 当前时间 :2017-12-08 10:41:59:328 .[Thread:main &_]
[^INFO ] 2017-12-08 10:41:59,331:2ms- com.main.util.SSILogger.main(SSILogger.java:18)- 当前时间 :2017-12-08 10:41:59:328 .[Thread:main &_]
[^ERROR] 2017-12-08 10:41:59,331:2ms- com.main.util.SSILogger.main(SSILogger.java:20)- 当前时间 :2017-12-08 10:41:59:328 .[Thread:main &_]
[^WARN ] 2017-12-08 10:41:59,332:3ms- com.main.util.SSILogger.main(SSILogger.java:21)- 当前时间 :2017-12-08 10:41:59:328 .[Thread:main &_]
[^FATAL] 2017-12-08 10:41:59,332:3ms- com.main.util.SSILogger.main(SSILogger.java:22)- 当前时间 :2017-12-08 10:41:59:328 .[Thread:main &_]
[^DEBUG] 2017-12-08 10:42:22,331:0ms- com.main.util.SSILogger.main(SSILogger.java:16)- 当前时间 :2017-12-08 10:42:22:331 .[Thread:main &_]
[^INFO ] 2017-12-08 10:42:22,333:2ms- com.main.util.SSILogger.main(SSILogger.java:18)- 当前时间 :2017-12-08 10:42:22:331 .[Thread:main &_]
[^ERROR] 2017-12-08 10:42:22,336:5ms- com.main.util.SSILogger.main(SSILogger.java:20)- 当前时间 :2017-12-08 10:42:22:331 .[Thread:main &_]
[^WARN ] 2017-12-08 10:42:22,336:5ms- com.main.util.SSILogger.main(SSILogger.java:21)- 当前时间 :2017-12-08 10:42:22:331 .[Thread:main &_]
[^FATAL] 2017-12-08 10:42:22,336:5ms- com.main.util.SSILogger.main(SSILogger.java:22)- 当前时间 :2017-12-08 10:42:22:331 .[Thread:main &_]
[^DEBUG] 2017-12-08 10:43:25,022:0ms- com.main.util.SSILogger.main(SSILogger.java:16)- 当前时间 :2017-12-08 10:43:25:022 .[Thread:main &_]
[^INFO ] 2017-12-08 10:43:25,025:3ms- com.main.util.SSILogger.main(SSILogger.java:18)- 当前时间 :2017-12-08 10:43:25:022 .[Thread:main &_]
[^ERROR] 2017-12-08 10:43:25,025:3ms- com.main.util.SSILogger.main(SSILogger.java:20)- 当前时间 :2017-12-08 10:43:25:022 .[Thread:main &_]
[^WARN ] 2017-12-08 10:43:25,025:3ms- com.main.util.SSILogger.main(SSILogger.java:21)- 当前时间 :2017-12-08 10:43:25:022 .[Thread:main &_]
[^FATAL] 2017-12-08 10:43:25,025:3ms- com.main.util.SSILogger.main(SSILogger.java:22)- 当前时间 :2017-12-08 10:43:25:022 .[Thread:main &_]
[^DEBUG] 2017-12-08 10:43:51,570:0ms- com.main.util.SSILogger.main(SSILogger.java:16)- 当前时间 :2017-12-08 10:43:51:569 .[Thread:main &_]
[^INFO ] 2017-12-08 10:43:51,573:3ms- com.main.util.SSILogger.main(SSILogger.java:18)- 当前时间 :2017-12-08 10:43:51:569 .[Thread:main &_]
[^ERROR] 2017-12-08 10:43:51,573:3ms- com.main.util.SSILogger.main(SSILogger.java:20)- 当前时间 :2017-12-08 10:43:51:569 .[Thread:main &_]
[^WARN ] 2017-12-08 10:43:51,573:3ms- com.main.util.SSILogger.main(SSILogger.java:21)- 当前时间 :2017-12-08 10:43:51:569 .[Thread:main &_]
[^FATAL] 2017-12-08 10:43:51,573:3ms- com.main.util.SSILogger.main(SSILogger.java:22)- 当前时间 :2017-12-08 10:43:51:569 .[Thread:main &_]
[^DEBUG] 2017-12-08 10:44:50,626:0ms- com.main.util.SSILogger.main(SSILogger.java:16)- 当前时间 :2017-12-08 10:44:50:625 .[Thread:main &_]
[^INFO ] 2017-12-08 10:44:50,627:1ms- com.main.util.SSILogger.main(SSILogger.java:18)- 当前时间 :2017-12-08 10:44:50:625 .[Thread:main &_]
[^ERROR] 2017-12-08 10:44:50,627:1ms- com.main.util.SSILogger.main(SSILogger.java:20)- 当前时间 :2017-12-08 10:44:50:625 .[Thread:main &_]
[^WARN ] 2017-12-08 10:44:50,628:2ms- com.main.util.SSILogger.main(SSILogger.java:21)- 当前时间 :2017-12-08 10:44:50:625 .[Thread:main &_]
[^FATAL] 2017-12-08 10:44:50,628:2ms- com.main.util.SSILogger.main(SSILogger.java:22)- 当前时间 :2017-12-08 10:44:50:625 .[Thread:main &_]
[^DEBUG] 2017-12-08 10:49:41,449:0ms- com.main.util.SSILogger.main(SSILogger.java:16)- 当前时间 :2017-12-08 10:49:41:449 .[Thread:main &_]
[^INFO ] 2017-12-08 10:49:41,451:2ms- com.main.util.SSILogger.main(SSILogger.java:18)- 当前时间 :2017-12-08 10:49:41:449 .[Thread:main &_]
[^ERROR] 2017-12-08 10:49:41,451:2ms- com.main.util.SSILogger.main(SSILogger.java:20)- 当前时间 :2017-12-08 10:49:41:449 .[Thread:main &_]
[^WARN ] 2017-12-08 10:49:41,452:3ms- com.main.util.SSILogger.main(SSILogger.java:21)- 当前时间 :2017-12-08 10:49:41:449 .[Thread:main &_]
[^FATAL] 2017-12-08 10:49:41,452:3ms- com.main.util.SSILogger.main(SSILogger.java:22)- 当前时间 :2017-12-08 10:49:41:449 .[Thread:main &_]
[^DEBUG] 2017-12-08 10:54:23,102:0ms- com.main.util.SSILogger.main(SSILogger.java:19)- 当前时间 :2017-12-08 10:54:23:101 .[Thread:main &_]
[^INFO ] 2017-12-08 10:54:23,104:2ms- com.main.util.SSILogger.main(SSILogger.java:21)- 当前时间 :2017-12-08 10:54:23:101 .[Thread:main &_]
[^ERROR] 2017-12-08 10:54:23,105:3ms- com.main.util.SSILogger.main(SSILogger.java:23)- 当前时间 :2017-12-08 10:54:23:101 .[Thread:main &_]
[^WARN ] 2017-12-08 10:54:23,106:4ms- com.main.util.SSILogger.main(SSILogger.java:24)- 当前时间 :2017-12-08 10:54:23:101 .[Thread:main &_]
[^FATAL] 2017-12-08 10:54:23,106:4ms- com.main.util.SSILogger.main(SSILogger.java:25)- 当前时间 :2017-12-08 10:54:23:101 .[Thread:main &_]
[^DEBUG] 2017-12-08 11:15:14,997:0ms- com.main.util.SSILogger.main(SSILogger.java:121)- 当前时间 :2017-12-08 11:15:14:996 .[Thread:main &_]
[^INFO ] 2017-12-08 11:15:14,999:2ms- com.main.util.SSILogger.main(SSILogger.java:123)- 当前时间 :2017-12-08 11:15:14:996 .[Thread:main &_]
[^ERROR] 2017-12-08 11:15:14,999:2ms- com.main.util.SSILogger.main(SSILogger.java:125)- 当前时间 :2017-12-08 11:15:14:996 .[Thread:main &_]
[^WARN ] 2017-12-08 11:15:15,000:3ms- com.main.util.SSILogger.main(SSILogger.java:126)- 当前时间 :2017-12-08 11:15:14:996 .[Thread:main &_]
[^FATAL] 2017-12-08 11:15:15,000:3ms- com.main.util.SSILogger.main(SSILogger.java:127)- 当前时间 :2017-12-08 11:15:14:996 .[Thread:main &_]
[^DEBUG:吾乃常山赵子龙] 2017-12-08 11:16:01,359:0ms- com.main.util.SSILogger.main(SSILogger.java:121)- 当前时间 :2017-12-08 11:16:01:358 .[Thread:main &_]
[^INFO :吾乃常山赵子龙] 2017-12-08 11:16:01,360:1ms- com.main.util.SSILogger.main(SSILogger.java:123)- 当前时间 :2017-12-08 11:16:01:358 .[Thread:main &_]
[^ERROR:吾乃常山赵子龙] 2017-12-08 11:16:01,361:2ms- com.main.util.SSILogger.main(SSILogger.java:125)- 当前时间 :2017-12-08 11:16:01:358 .[Thread:main &_]
[^WARN :吾乃常山赵子龙] 2017-12-08 11:16:01,361:2ms- com.main.util.SSILogger.main(SSILogger.java:126)- 当前时间 :2017-12-08 11:16:01:358 .[Thread:main &_]
[^FATAL:吾乃常山赵子龙] 2017-12-08 11:16:01,362:3ms- com.main.util.SSILogger.main(SSILogger.java:127)- 当前时间 :2017-12-08 11:16:01:358 .[Thread:main &_]
[^DEBUG:吾乃常山赵子龙] 2017-12-08 16:33:56,363:0ms- com.main.util.SSILogger.main(SSILogger.java:128)- 当前时间 :2017-12-08 16:33:56:362 .[Thread:main &_]
[^INFO :吾乃常山赵子龙] 2017-12-08 16:33:56,365:2ms- com.main.util.SSILogger.main(SSILogger.java:130)- 当前时间 :2017-12-08 16:33:56:362 .[Thread:main &_]
[^ERROR:吾乃常山赵子龙] 2017-12-08 16:33:56,365:2ms- com.main.util.SSILogger.main(SSILogger.java:132)- 当前时间 :2017-12-08 16:33:56:362 .[Thread:main &_]
[^WARN :吾乃常山赵子龙] 2017-12-08 16:33:56,365:2ms- com.main.util.SSILogger.main(SSILogger.java:133)- 当前时间 :2017-12-08 16:33:56:362 .[Thread:main &_]
[^FATAL:吾乃常山赵子龙] 2017-12-08 16:33:56,365:2ms- com.main.util.SSILogger.main(SSILogger.java:134)- 当前时间 :2017-12-08 16:33:56:362 .[Thread:main &_]
